C51 COMPILER V9.53.0.0   DS1302                                                            03/20/2022 21:36:10 PAGE 1   


C51 COMPILER V9.53.0.0, COMPILATION OF MODULE DS1302
OBJECT MODULE PLACED IN .\Objects\ds1302.obj
COMPILER INVOKED BY: F:\keil5ARM\Keil5\C51\BIN\C51.EXE code\ds1302.c OPTIMIZE(8,SPEED) BROWSE INCDIR(.\code) DEBUG OBJEC
                    -TEXTEND PRINT(.\Listings\ds1302.lst) TABS(2) OBJECT(.\Objects\ds1302.obj)

line level    source

   1          #include "ds1302.h"
   2          #include <intrins.h>
   3          
   4          unsigned char Time[7] = {0x50, 0x59, 0x23, 0x22, 0x03, 0x01, 0x21}; //秒 分 时 月 周 年
   5          unsigned char Time_1[7];                                            //main函数 声明 extern unsigned ch
             -ar Time_1[7]；
   6          sbit SCK = P1 ^ 7;
   7          sbit SDA = P2 ^ 3;
   8          sbit RST = P1 ^ 3; // DS1302复位
   9          
  10          void Write_Ds1302(unsigned char temp)
  11          {
  12   1          unsigned char i;
  13   1          for (i = 0; i < 8; i++)
  14   1          {
  15   2              SCK = 0;
  16   2              SDA = temp & 0x01;
  17   2              temp >>= 1;
  18   2              SCK = 1;
  19   2          }
  20   1      }
  21          
  22          void Write_Ds1302_Byte(unsigned char address, unsigned char dat)
  23          {
  24   1          RST = 0;
  25   1          _nop_();
  26   1          SCK = 0;
  27   1          _nop_();
  28   1          RST = 1;
  29   1          _nop_();
  30   1          Write_Ds1302(address);
  31   1          Write_Ds1302(dat);
  32   1          RST = 0;
  33   1      }
  34          
  35          unsigned char Read_Ds1302_Byte(unsigned char address)
  36          {
  37   1          unsigned char i, temp = 0x00;
  38   1          RST = 0;
  39   1          _nop_();
  40   1          SCK = 0;
  41   1          _nop_();
  42   1          RST = 1;
  43   1          _nop_();
  44   1          Write_Ds1302(address);
  45   1          for (i = 0; i < 8; i++)
  46   1          {
  47   2              SCK = 0;
  48   2              temp >>= 1;
  49   2              if (SDA)
  50   2                  temp |= 0x80;
  51   2              SCK = 1;
  52   2          }
  53   1          RST = 0;
C51 COMPILER V9.53.0.0   DS1302                                                            03/20/2022 21:36:10 PAGE 2   

  54   1          _nop_();
  55   1          SCK = 0;
  56   1          _nop_();
  57   1          SCK = 1;
  58   1          _nop_();
  59   1          SDA = 0;
  60   1          _nop_();
  61   1          SDA = 1;
  62   1          _nop_();
  63   1          return (temp);
  64   1      }
  65          
  66          void DS1302_Init() //初始化
  67          {
  68   1          unsigned char add = 0x80, i = 0;
  69   1          Write_Ds1302_Byte(0x8E, 0x00); //关闭写保护
  70   1          for (i = 0; i < 7; i++)
  71   1          {
  72   2      
  73   2              Write_Ds1302_Byte(add, Time[i]);
  74   2              add += 2;
  75   2          }
  76   1          Write_Ds1302_Byte(0x8E, 0x80); //打开写保护
  77   1      }
  78          
  79          void DS1302_Read() //读取时间
  80          {
  81   1          unsigned char n = 0, add = 0x81;
  82   1          for (n = 0; n < 7; n++)
  83   1          {
  84   2              Time_1[n] = Read_Ds1302_Byte(add);
  85   2              add += 2;
  86   2          }
  87   1      }


MODULE INFORMATION:   STATIC OVERLAYABLE
   CODE SIZE        =    147    ----
   CONSTANT SIZE    =   ----    ----
   XDATA SIZE       =   ----    ----
   PDATA SIZE       =   ----    ----
   DATA SIZE        =     14    ----
   IDATA SIZE       =   ----    ----
   BIT SIZE         =   ----    ----
END OF MODULE INFORMATION.


C51 COMPILATION COMPLETE.  0 WARNING(S),  0 ERROR(S)
