C51 COMPILER V9.53.0.0   MAIN                                                              03/21/2022 11:01:31 PAGE 1   


C51 COMPILER V9.53.0.0, COMPILATION OF MODULE MAIN
OBJECT MODULE PLACED IN .\Objects\main.obj
COMPILER INVOKED BY: F:\keil5ARM\Keil5\C51\BIN\C51.EXE main.c OPTIMIZE(8,SPEED) BROWSE INCDIR(.\code) DEBUG OBJECTEXTEND
                    - PRINT(.\Listings\main.lst) TABS(2) OBJECT(.\Objects\main.obj)

line level    source

   1          #include "bsp_init.h"
   2          #include "smg_init.h"
   3          #include "ds1302.h"
   4          #include "time.h"
   5          
   6          void Time_LED(void);
   7          unsigned char sec, sce_2;          //秒 0.2秒
   8          extern unsigned char Time_1[7];        //当前时间
   9          unsigned char Timer[3] = {0x00, 0x00, 0x00}; //闹钟定时时间设置 00-00-00
  10          unsigned char Key = 0;             //按键参数
  11          
  12          sbit H1 = P3 ^ 2;
  13          sbit H2 = P3 ^ 3;
  14          sbit L1 = P4 ^ 4;
  15          sbit L2 = P4 ^ 2;
  16          
  17          void Key_Down(void)
  18          {
  19   1        H1 = H2 = L1 = 1;
  20   1        L2 = 0;
  21   1        if (H1 == 0)
  22   1        {
  23   2          delay(10);
  24   2          if (H1 == 0)
  25   2          {
  26   3            Key = 9;
  27   3            while (!H1)
  28   3              ;
  29   3          }
  30   2        }
  31   1        if (H2 == 0)
  32   1        {
  33   2          delay(10);
  34   2          if (H2 == 0)
  35   2          {
  36   3            Key = 8;
  37   3            while (!H2)
  38   3              ;
  39   3          }
  40   2        }
  41   1        H1 = H2 = L2 = 1;
  42   1        L1 = 0;
  43   1        if (H1 == 0)
  44   1        {
  45   2          delay(10);
  46   2          if (H1 == 0)
  47   2          {
  48   3            Key = 5;
  49   3            while (!H1)
  50   3              ;
  51   3          }
  52   2        }
  53   1        if (H2 == 0)
  54   1        {
C51 COMPILER V9.53.0.0   MAIN                                                              03/21/2022 11:01:31 PAGE 2   

  55   2          delay(10);
  56   2          if (H2 == 0)
  57   2          {
  58   3            Key = 4;
  59   3            while (!H2)
  60   3              ;
  61   3          }
  62   2        }
  63   1      }
  64          
  65          /*
  66            当前时间显示
  67          */
  68          void smg_timing()
  69          {
  70   1        dis_smg(1, Time_1[2] / 16);
  71   1        dis_smg(2, Time_1[2] % 16);
  72   1        dis_smg(3, 10);
  73   1        dis_smg(6, 10);
  74   1        dis_smg(4, Time_1[1] / 16);
  75   1        dis_smg(5, Time_1[1] % 16);
  76   1        dis_smg(7, Time_1[0] / 16);
  77   1        dis_smg(8, Time_1[0] % 16);
  78   1      }
  79          
  80          void main(void)
  81          {
  82   1        bsp_Init();
  83   1        DS1302_Init();
  84   1        Timer0Init();
  85   1        DS1302_Read();
  86   1        while (1)
  87   1        {
  88   2          if (Timer[2] == Time_1[2] && Timer[1] == Time_1[1] && Timer[0] == Time_1[0])
  89   2          {
  90   3            sec = 0;
  91   3            while (sec < 5)
  92   3            {
  93   4              Time_LED();
  94   4              /* code */
  95   4              Key_Down();
  96   4              if (Key != 0)
  97   4                break;
  98   4            }
  99   3          }
 100   2        }
 101   1      }
 102          
 103          /*闹钟提醒*/
 104          void Time_LED(void)
 105          {
 106   1        HC138(4);
 107   1        if (sce_2 % 2)
 108   1        {
 109   2          P0 = 0xfe;
 110   2        }
 111   1        else if (!(sce_2 % 2))
 112   1        {
 113   2          P0 = 0xff;
 114   2        }
 115   1      
 116   1        HC138(0);
C51 COMPILER V9.53.0.0   MAIN                                                              03/21/2022 11:01:31 PAGE 3   

 117   1      }
 118          
 119          void Timer0() interrupt 1
 120          {
 121   1        static unsigned int n, m, Man;
 122   1        n++;
 123   1        m++;
 124   1        Man++;
 125   1      
 126   1        if (n == 1000)
 127   1        {
 128   2          n = 0;
 129   2          sec++;
 130   2        }
 131   1        if (m == 200)
 132   1        {
 133   2          m = 0;
 134   2          sce_2++;
 135   2        }
 136   1        /*主程序*/
 137   1        if (Man == 10) // 10ms
 138   1        {
 139   2          DS1302_Read();
 140   2          smg_timing();
 141   2      
 142   2          Man = 0;
 143   2        }
 144   1      }


MODULE INFORMATION:   STATIC OVERLAYABLE
   CODE SIZE        =    379    ----
   CONSTANT SIZE    =   ----    ----
   XDATA SIZE       =   ----    ----
   PDATA SIZE       =   ----    ----
   DATA SIZE        =     12    ----
   IDATA SIZE       =   ----    ----
   BIT SIZE         =   ----    ----
END OF MODULE INFORMATION.


C51 COMPILATION COMPLETE.  0 WARNING(S),  0 ERROR(S)
